# JRE version: Java(TM) SE Runtime Environment (8.0_131-b11) (build 1.8.0_131-b11)
# Java VM: Java HotSpot(TM) 64-Bit Server VM (25.131-b11 mixed mode linux-amd64 compressed oops)
Heap:
 PSYoungGen      total 45056K, used 4854K [0x00000000ec000000, 0x00000000f0200000, 0x0000000100000000)
  eden space 41984K, 5% used [0x00000000ec000000,0x00000000ec210f10,0x00000000ee900000)
  from space 3072K, 89% used [0x00000000eff00000,0x00000000f01acb28,0x00000000f0200000)
  to   space 6656K, 0% used [0x00000000ef500000,0x00000000ef500000,0x00000000efb80000)
 ParOldGen       total 35840K, used 9015K [0x00000000c4000000, 0x00000000c6300000, 0x00000000ec000000)
  object space 35840K, 25% used [0x00000000c4000000,0x00000000c48cdde8,0x00000000c6300000)
 Metaspace       used 21638K, capacity 22836K, committed 23040K, reserved 1069056K
  class space    used 2773K, capacity 3029K, committed 3072K, reserved 1048576K
GC Heap History (10 events):
Event: 5,158 GC heap before
{Heap before GC invocations=3 (full 0):
 PSYoungGen      total 17920K, used 17904K [0x00000000ec000000, 0x00000000ee300000, 0x0000000100000000)
  eden space 15360K, 100% used [0x00000000ec000000,0x00000000ecf00000,0x00000000ecf00000)
  from space 2560K, 99% used [0x00000000ee080000,0x00000000ee2fc060,0x00000000ee300000)
  to   space 2560K, 0% used [0x00000000ecf00000,0x00000000ecf00000,0x00000000ed180000)
 ParOldGen       total 40960K, used 77K [0x00000000c4000000, 0x00000000c6800000, 0x00000000ec000000)
  object space 40960K, 0% used [0x00000000c4000000,0x00000000c40137b0,0x00000000c6800000)
 Metaspace       used 14973K, capacity 15592K, committed 15744K, reserved 1062912K
  class space    used 1922K, capacity 2060K, committed 2176K, reserved 1048576K
Event: 5,170 GC heap after
Heap after GC invocations=3 (full 0):
 PSYoungGen      total 17920K, used 2544K [0x00000000ec000000, 0x00000000ee100000, 0x0000000100000000)
  eden space 15360K, 0% used [0x00000000ec000000,0x00000000ec000000,0x00000000ecf00000)
  from space 2560K, 99% used [0x00000000ecf00000,0x00000000ed17c030,0x00000000ed180000)
  to   space 2560K, 0% used [0x00000000ede80000,0x00000000ede80000,0x00000000ee100000)
 ParOldGen       total 40960K, used 1920K [0x00000000c4000000, 0x00000000c6800000, 0x00000000ec000000)
  object space 40960K, 4% used [0x00000000c4000000,0x00000000c41e0228,0x00000000c6800000)
 Metaspace       used 14973K, capacity 15592K, committed 15744K, reserved 1062912K
  class space    used 1922K, capacity 2060K, committed 2176K, reserved 1048576K
}
Event: 6,767 GC heap before
{Heap before GC invocations=4 (full 0):
 PSYoungGen      total 17920K, used 17904K [0x00000000ec000000, 0x00000000ee100000, 0x0000000100000000)
  eden space 15360K, 100% used [0x00000000ec000000,0x00000000ecf00000,0x00000000ecf00000)
  from space 2560K, 99% used [0x00000000ecf00000,0x00000000ed17c030,0x00000000ed180000)
  to   space 2560K, 0% used [0x00000000ede80000,0x00000000ede80000,0x00000000ee100000)
 ParOldGen       total 40960K, used 1920K [0x00000000c4000000, 0x00000000c6800000, 0x00000000ec000000)
  object space 40960K, 4% used [0x00000000c4000000,0x00000000c41e0228,0x00000000c6800000)
 Metaspace       used 19310K, capacity 20506K, committed 20864K, reserved 1067008K
  class space    used 2575K, capacity 2827K, committed 2944K, reserved 1048576K
Event: 6,807 GC heap after
Heap after GC invocations=4 (full 0):
 PSYoungGen      total 31232K, used 2544K [0x00000000ec000000, 0x00000000ee300000, 0x0000000100000000)
  eden space 28672K, 0% used [0x00000000ec000000,0x00000000ec000000,0x00000000edc00000)
  from space 2560K, 99% used [0x00000000ede80000,0x00000000ee0fc050,0x00000000ee100000)
  to   space 2560K, 0% used [0x00000000edc00000,0x00000000edc00000,0x00000000ede80000)
 ParOldGen       total 40960K, used 5059K [0x00000000c4000000, 0x00000000c6800000, 0x00000000ec000000)
  object space 40960K, 12% used [0x00000000c4000000,0x00000000c44f0d10,0x00000000c6800000)
 Metaspace       used 19310K, capacity 20506K, committed 20864K, reserved 1067008K
  class space    used 2575K, capacity 2827K, committed 2944K, reserved 1048576K
}
Event: 10,328 GC heap before
{Heap before GC invocations=5 (full 0):
 PSYoungGen      total 31232K, used 14388K [0x00000000ec000000, 0x00000000ee300000, 0x0000000100000000)
  eden space 28672K, 41% used [0x00000000ec000000,0x00000000ecb910f8,0x00000000edc00000)
  from space 2560K, 99% used [0x00000000ede80000,0x00000000ee0fc050,0x00000000ee100000)
  to   space 2560K, 0% used [0x00000000edc00000,0x00000000edc00000,0x00000000ede80000)
 ParOldGen       total 40960K, used 5059K [0x00000000c4000000, 0x00000000c6800000, 0x00000000ec000000)
  object space 40960K, 12% used [0x00000000c4000000,0x00000000c44f0d10,0x00000000c6800000)
 Metaspace       used 20114K, capacity 21246K, committed 21296K, reserved 1067008K
  class space    used 2683K, capacity 2915K, committed 2944K, reserved 1048576K
Event: 10,355 GC heap after
Heap after GC invocations=5 (full 0):
 PSYoungGen      total 31232K, used 2528K [0x00000000ec000000, 0x00000000f0600000, 0x0000000100000000)
  eden space 28672K, 0% used [0x00000000ec000000,0x00000000ec000000,0x00000000edc00000)
  from space 2560K, 98% used [0x00000000edc00000,0x00000000ede78040,0x00000000ede80000)
  to   space 7168K, 0% used [0x00000000eff00000,0x00000000eff00000,0x00000000f0600000)
 ParOldGen       total 40960K, used 6954K [0x00000000c4000000, 0x00000000c6800000, 0x00000000ec000000)
  object space 40960K, 16% used [0x00000000c4000000,0x00000000c46ca918,0x00000000c6800000)
 Metaspace       used 20114K, capacity 21246K, committed 21296K, reserved 1067008K
  class space    used 2683K, capacity 2915K, committed 2944K, reserved 1048576K
}
Event: 10,356 GC heap before
{Heap before GC invocations=6 (full 1):
 PSYoungGen      total 31232K, used 2528K [0x00000000ec000000, 0x00000000f0600000, 0x0000000100000000)
  eden space 28672K, 0% used [0x00000000ec000000,0x00000000ec000000,0x00000000edc00000)
  from space 2560K, 98% used [0x00000000edc00000,0x00000000ede78040,0x00000000ede80000)
  to   space 7168K, 0% used [0x00000000eff00000,0x00000000eff00000,0x00000000f0600000)
 ParOldGen       total 40960K, used 6954K [0x00000000c4000000, 0x00000000c6800000, 0x00000000ec000000)
  object space 40960K, 16% used [0x00000000c4000000,0x00000000c46ca918,0x00000000c6800000)
 Metaspace       used 20114K, capacity 21246K, committed 21296K, reserved 1067008K
  class space    used 2683K, capacity 2915K, committed 2944K, reserved 1048576K
Event: 10,465 GC heap after
Heap after GC invocations=6 (full 1):
 PSYoungGen      total 31232K, used 0K [0x00000000ec000000, 0x00000000f0600000, 0x0000000100000000)
  eden space 28672K, 0% used [0x00000000ec000000,0x00000000ec000000,0x00000000edc00000)
  from space 2560K, 0% used [0x00000000edc00000,0x00000000edc00000,0x00000000ede80000)
  to   space 7168K, 0% used [0x00000000eff00000,0x00000000eff00000,0x00000000f0600000)
 ParOldGen       total 35840K, used 9007K [0x00000000c4000000, 0x00000000c6300000, 0x00000000ec000000)
  object space 35840K, 25% used [0x00000000c4000000,0x00000000c48cbde8,0x00000000c6300000)
 Metaspace       used 20114K, capacity 21246K, committed 21296K, reserved 1067008K
  class space    used 2683K, capacity 2915K, committed 2944K, reserved 1048576K
}
Event: 37,606 GC heap before
{Heap before GC invocations=7 (full 1):
 PSYoungGen      total 31232K, used 28672K [0x00000000ec000000, 0x00000000f0600000, 0x0000000100000000)
  eden space 28672K, 100% used [0x00000000ec000000,0x00000000edc00000,0x00000000edc00000)
  from space 2560K, 0% used [0x00000000edc00000,0x00000000edc00000,0x00000000ede80000)
  to   space 7168K, 0% used [0x00000000eff00000,0x00000000eff00000,0x00000000f0600000)
 ParOldGen       total 35840K, used 9007K [0x00000000c4000000, 0x00000000c6300000, 0x00000000ec000000)
  object space 35840K, 25% used [0x00000000c4000000,0x00000000c48cbde8,0x00000000c6300000)
 Metaspace       used 21577K, capacity 22772K, committed 23040K, reserved 1069056K
  class space    used 2773K, capacity 3029K, committed 3072K, reserved 1048576K
Event: 37,651 GC heap after
Heap after GC invocations=7 (full 1):
 PSYoungGen      total 45056K, used 2738K [0x00000000ec000000, 0x00000000f0200000, 0x0000000100000000)
  eden space 41984K, 0% used [0x00000000ec000000,0x00000000ec000000,0x00000000ee900000)
  from space 3072K, 89% used [0x00000000eff00000,0x00000000f01acb28,0x00000000f0200000)
  to   space 6656K, 0% used [0x00000000ef500000,0x00000000ef500000,0x00000000efb80000)
 ParOldGen       total 35840K, used 9015K [0x00000000c4000000, 0x00000000c6300000, 0x00000000ec000000)
  object space 35840K, 25% used [0x00000000c4000000,0x00000000c48cdde8,0x00000000c6300000)
 Metaspace       used 21577K, capacity 22772K, committed 23040K, reserved 1069056K
  class space    used 2773K, capacity 3029K, committed 3072K, reserved 1048576K
}

